TN:
SF:src\components\FBD.jsx
FN:4,(anonymous_0)
FN:14,(anonymous_1)
FN:27,(anonymous_2)
FNF:3
FNH:2
FNDA:3,(anonymous_0)
FNDA:0,(anonymous_1)
FNDA:1,(anonymous_2)
DA:4,1
DA:10,3
DA:14,0
DA:28,1
LF:4
LH:3
BRDA:16,0,0,0
BRDA:16,0,1,3
BRDA:21,1,0,1
BRDA:21,1,1,2
BRDA:26,2,0,1
BRDA:26,2,1,2
BRDA:38,3,0,0
BRDA:38,3,1,2
BRDA:43,4,0,1
BRDA:43,4,1,1
BRDA:49,5,0,0
BRDA:49,5,1,2
BRDA:54,6,0,1
BRDA:54,6,1,1
BRF:14
BRH:11
end_of_record
TN:
SF:src\components\FeedbackCard.jsx
FN:4,(anonymous_0)
FNF:1
FNH:1
FNDA:1,(anonymous_0)
DA:4,1
DA:5,1
DA:37,1
LF:3
LH:3
BRDA:8,0,0,0
BRDA:8,0,1,1
BRDA:15,1,0,0
BRDA:15,1,1,1
BRDA:26,2,0,0
BRDA:26,2,1,1
BRF:6
BRH:3
end_of_record
